<?xml version="1.0" encoding="UTF-8"?>
<sbml xmlns:jd2="http://www.sys-bio.org/sbml/jd2" xmlns="http://www.sbml.org/sbml/level3/version1/core" xmlns:fbc="http://www.sbml.org/sbml/level3/version1/fbc/version1" level="3" version="1">
  <model id="BranchMultipleCycle" name="BranchMultipleCycle" timeUnits="time">
    <annotation>
      <jd2:JDesignerLayout xmlns:jd2="http://www.sys-bio.org/sbml/jd2" version="2.0" MajorVersion="2" MinorVersion="3" BuildVersion="45">
        <jd2:header>
          <jd2:VersionHeader JDesignerVersion="1.0"/>
          <jd2:ModelHeader ModelTitle="BranchMultipleCycle"/>
          <jd2:TimeCourseDetails timeStart="0" timeEnd="50" numberOfPoints="500"/>
        </jd2:header>
        <jd2:JDGraphicsHeader BackGroundColor="FFFFFFEF"/>
        <jd2:listOfCompartments>
          <jd2:compartment id="compartment" size="1" visible="false">
            <jd2:boundingBox x="0" y="0" w="0" h="0"/>
            <jd2:membraneStyle thickness="12" color="FF00A5FF"/>
            <jd2:interiorStyle color="FFEEEEFF"/>
            <jd2:text value="compartment" visible="true">
              <jd2:position rx="-31" ry="-16"/>
              <jd2:font fontName="Arial" fontSize="8" fontColor="FF000000"/>
            </jd2:text>
          </jd2:compartment>
        </jd2:listOfCompartments>
        <jd2:listOfSpecies>
          <jd2:species id="Node1" boundaryCondition="false" compartment="compartment" initialConcentration="0">
            <jd2:positionLocked value="false"/>
            <jd2:boundingBox x="172" y="92"/>
            <jd2:displayValue visible="false">
              <jd2:position rx="0" ry="0"/>
              <jd2:font fontName="Arial" fontSize="8" fontColor="FF000000"/>
            </jd2:displayValue>
            <jd2:text value="Node1" visible="true">
              <jd2:position rx="4" ry="6"/>
              <jd2:font fontName="Arial" fontSize="8" fontColor="FF000000"/>
            </jd2:text>
            <jd2:complex id="DefaultMolecule" w="45" h="24" boundarySpeciesStyle="bsBox" boundaryStyleColor="FF0000FF" captionPosition="npCenter" aliasBoundaryColor="FFFF0000" aliasBoundaryThickness="3">
              <jd2:subunit shape="suRoundSquare">
                <jd2:boundingBox rx="0" ry="0" w="45" h="24"/>
                <jd2:text value="S1" visible="false">
                  <jd2:position rx="16" ry="5"/>
                  <jd2:font fontName="Arial" fontSize="8" fontColor="FF000000"/>
                </jd2:text>
                <jd2:color scheme="gtHorizLinear" startColor="FFCCFFFF" endColor="FFFFFFFF"/>
                <jd2:edgeStyle color="FF969696" thickness="1" stroke="dsSolid"/>
              </jd2:subunit>
            </jd2:complex>
          </jd2:species>
          <jd2:species id="Node2" boundaryCondition="false" compartment="compartment" initialConcentration="0">
            <jd2:positionLocked value="false"/>
            <jd2:boundingBox x="290" y="92"/>
            <jd2:displayValue visible="false">
              <jd2:position rx="0" ry="0"/>
              <jd2:font fontName="Arial" fontSize="8" fontColor="FF000000"/>
            </jd2:displayValue>
            <jd2:text value="Node2" visible="true">
              <jd2:position rx="4" ry="6"/>
              <jd2:font fontName="Arial" fontSize="8" fontColor="FF000000"/>
            </jd2:text>
            <jd2:complex id="DefaultMolecule" w="45" h="24" boundarySpeciesStyle="bsBox" boundaryStyleColor="FF0000FF" captionPosition="npCenter" aliasBoundaryColor="FFFF0000" aliasBoundaryThickness="3">
              <jd2:subunit shape="suRoundSquare">
                <jd2:boundingBox rx="0" ry="0" w="45" h="24"/>
                <jd2:text value="S1" visible="false">
                  <jd2:position rx="16" ry="5"/>
                  <jd2:font fontName="Arial" fontSize="8" fontColor="FF000000"/>
                </jd2:text>
                <jd2:color scheme="gtHorizLinear" startColor="FFCCFFFF" endColor="FFFFFFFF"/>
                <jd2:edgeStyle color="FF969696" thickness="1" stroke="dsSolid"/>
              </jd2:subunit>
            </jd2:complex>
          </jd2:species>
          <jd2:species id="Node3" boundaryCondition="false" compartment="compartment" initialConcentration="0">
            <jd2:positionLocked value="false"/>
            <jd2:boundingBox x="434" y="92"/>
            <jd2:displayValue visible="false">
              <jd2:position rx="0" ry="0"/>
              <jd2:font fontName="Arial" fontSize="8" fontColor="FF000000"/>
            </jd2:displayValue>
            <jd2:text value="Node3" visible="true">
              <jd2:position rx="4" ry="6"/>
              <jd2:font fontName="Arial" fontSize="8" fontColor="FF000000"/>
            </jd2:text>
            <jd2:complex id="DefaultMolecule" w="45" h="24" boundarySpeciesStyle="bsBox" boundaryStyleColor="FF0000FF" captionPosition="npCenter" aliasBoundaryColor="FFFF0000" aliasBoundaryThickness="3">
              <jd2:subunit shape="suRoundSquare">
                <jd2:boundingBox rx="0" ry="0" w="45" h="24"/>
                <jd2:text value="S1" visible="false">
                  <jd2:position rx="16" ry="5"/>
                  <jd2:font fontName="Arial" fontSize="8" fontColor="FF000000"/>
                </jd2:text>
                <jd2:color scheme="gtHorizLinear" startColor="FFCCFFFF" endColor="FFFFFFFF"/>
                <jd2:edgeStyle color="FF969696" thickness="1" stroke="dsSolid"/>
              </jd2:subunit>
            </jd2:complex>
          </jd2:species>
          <jd2:species id="Node4" boundaryCondition="false" compartment="compartment" initialConcentration="0">
            <jd2:positionLocked value="false"/>
            <jd2:boundingBox x="292" y="185"/>
            <jd2:displayValue visible="false">
              <jd2:position rx="0" ry="0"/>
              <jd2:font fontName="Arial" fontSize="8" fontColor="FF000000"/>
            </jd2:displayValue>
            <jd2:text value="Node4" visible="true">
              <jd2:position rx="4" ry="6"/>
              <jd2:font fontName="Arial" fontSize="8" fontColor="FF000000"/>
            </jd2:text>
            <jd2:complex id="DefaultMolecule" w="45" h="24" boundarySpeciesStyle="bsBox" boundaryStyleColor="FF0000FF" captionPosition="npCenter" aliasBoundaryColor="FFFF0000" aliasBoundaryThickness="3">
              <jd2:subunit shape="suRoundSquare">
                <jd2:boundingBox rx="0" ry="0" w="45" h="24"/>
                <jd2:text value="S1" visible="false">
                  <jd2:position rx="16" ry="5"/>
                  <jd2:font fontName="Arial" fontSize="8" fontColor="FF000000"/>
                </jd2:text>
                <jd2:color scheme="gtHorizLinear" startColor="FFCCFFFF" endColor="FFFFFFFF"/>
                <jd2:edgeStyle color="FF969696" thickness="1" stroke="dsSolid"/>
              </jd2:subunit>
            </jd2:complex>
          </jd2:species>
          <jd2:species id="Node5" boundaryCondition="false" compartment="compartment" initialConcentration="0">
            <jd2:positionLocked value="false"/>
            <jd2:boundingBox x="432" y="202"/>
            <jd2:displayValue visible="false">
              <jd2:position rx="0" ry="0"/>
              <jd2:font fontName="Arial" fontSize="8" fontColor="FF000000"/>
            </jd2:displayValue>
            <jd2:text value="Node5" visible="true">
              <jd2:position rx="4" ry="6"/>
              <jd2:font fontName="Arial" fontSize="8" fontColor="FF000000"/>
            </jd2:text>
            <jd2:complex id="DefaultMolecule" w="45" h="24" boundarySpeciesStyle="bsBox" boundaryStyleColor="FF0000FF" captionPosition="npCenter" aliasBoundaryColor="FFFF0000" aliasBoundaryThickness="3">
              <jd2:subunit shape="suRoundSquare">
                <jd2:boundingBox rx="0" ry="0" w="45" h="24"/>
                <jd2:text value="S1" visible="false">
                  <jd2:position rx="16" ry="5"/>
                  <jd2:font fontName="Arial" fontSize="8" fontColor="FF000000"/>
                </jd2:text>
                <jd2:color scheme="gtHorizLinear" startColor="FFCCFFFF" endColor="FFFFFFFF"/>
                <jd2:edgeStyle color="FF969696" thickness="1" stroke="dsSolid"/>
              </jd2:subunit>
            </jd2:complex>
          </jd2:species>
          <jd2:species id="Node6" boundaryCondition="false" compartment="compartment" initialConcentration="0">
            <jd2:positionLocked value="false"/>
            <jd2:boundingBox x="573" y="295"/>
            <jd2:displayValue visible="false">
              <jd2:position rx="0" ry="0"/>
              <jd2:font fontName="Arial" fontSize="8" fontColor="FF000000"/>
            </jd2:displayValue>
            <jd2:text value="Node6" visible="true">
              <jd2:position rx="4" ry="6"/>
              <jd2:font fontName="Arial" fontSize="8" fontColor="FF000000"/>
            </jd2:text>
            <jd2:complex id="DefaultMolecule" w="45" h="24" boundarySpeciesStyle="bsBox" boundaryStyleColor="FF0000FF" captionPosition="npCenter" aliasBoundaryColor="FFFF0000" aliasBoundaryThickness="3">
              <jd2:subunit shape="suRoundSquare">
                <jd2:boundingBox rx="0" ry="0" w="45" h="24"/>
                <jd2:text value="S1" visible="false">
                  <jd2:position rx="16" ry="5"/>
                  <jd2:font fontName="Arial" fontSize="8" fontColor="FF000000"/>
                </jd2:text>
                <jd2:color scheme="gtHorizLinear" startColor="FFCCFFFF" endColor="FFFFFFFF"/>
                <jd2:edgeStyle color="FF969696" thickness="1" stroke="dsSolid"/>
              </jd2:subunit>
            </jd2:complex>
          </jd2:species>
          <jd2:species id="Node7" boundaryCondition="false" compartment="compartment" initialConcentration="0">
            <jd2:positionLocked value="false"/>
            <jd2:boundingBox x="728" y="201"/>
            <jd2:displayValue visible="false">
              <jd2:position rx="0" ry="0"/>
              <jd2:font fontName="Arial" fontSize="8" fontColor="FF000000"/>
            </jd2:displayValue>
            <jd2:text value="Node7" visible="true">
              <jd2:position rx="4" ry="6"/>
              <jd2:font fontName="Arial" fontSize="8" fontColor="FF000000"/>
            </jd2:text>
            <jd2:complex id="DefaultMolecule" w="45" h="24" boundarySpeciesStyle="bsBox" boundaryStyleColor="FF0000FF" captionPosition="npCenter" aliasBoundaryColor="FFFF0000" aliasBoundaryThickness="3">
              <jd2:subunit shape="suRoundSquare">
                <jd2:boundingBox rx="0" ry="0" w="45" h="24"/>
                <jd2:text value="S1" visible="false">
                  <jd2:position rx="16" ry="5"/>
                  <jd2:font fontName="Arial" fontSize="8" fontColor="FF000000"/>
                </jd2:text>
                <jd2:color scheme="gtHorizLinear" startColor="FFCCFFFF" endColor="FFFFFFFF"/>
                <jd2:edgeStyle color="FF969696" thickness="1" stroke="dsSolid"/>
              </jd2:subunit>
            </jd2:complex>
          </jd2:species>
          <jd2:species id="Node8" boundaryCondition="false" compartment="compartment" initialConcentration="0">
            <jd2:positionLocked value="false"/>
            <jd2:boundingBox x="571" y="202"/>
            <jd2:displayValue visible="false">
              <jd2:position rx="0" ry="0"/>
              <jd2:font fontName="Arial" fontSize="8" fontColor="FF000000"/>
            </jd2:displayValue>
            <jd2:text value="Node8" visible="true">
              <jd2:position rx="4" ry="6"/>
              <jd2:font fontName="Arial" fontSize="8" fontColor="FF000000"/>
            </jd2:text>
            <jd2:complex id="DefaultMolecule" w="45" h="24" boundarySpeciesStyle="bsBox" boundaryStyleColor="FF0000FF" captionPosition="npCenter" aliasBoundaryColor="FFFF0000" aliasBoundaryThickness="3">
              <jd2:subunit shape="suRoundSquare">
                <jd2:boundingBox rx="0" ry="0" w="45" h="24"/>
                <jd2:text value="S1" visible="false">
                  <jd2:position rx="16" ry="5"/>
                  <jd2:font fontName="Arial" fontSize="8" fontColor="FF000000"/>
                </jd2:text>
                <jd2:color scheme="gtHorizLinear" startColor="FFCCFFFF" endColor="FFFFFFFF"/>
                <jd2:edgeStyle color="FF969696" thickness="1" stroke="dsSolid"/>
              </jd2:subunit>
            </jd2:complex>
          </jd2:species>
          <jd2:species id="Node10" boundaryCondition="false" compartment="compartment" initialConcentration="0">
            <jd2:positionLocked value="false"/>
            <jd2:boundingBox x="725" y="87"/>
            <jd2:displayValue visible="false">
              <jd2:position rx="0" ry="0"/>
              <jd2:font fontName="Arial" fontSize="8" fontColor="FF000000"/>
            </jd2:displayValue>
            <jd2:text value="Node10" visible="true">
              <jd2:position rx="3" ry="10"/>
              <jd2:font fontName="Arial" fontSize="8" fontColor="FF000000"/>
            </jd2:text>
            <jd2:complex id="DefaultMolecule" w="48" h="32" boundarySpeciesStyle="bsShadow" boundaryStyleColor="FF0000FF" captionPosition="npCenter" aliasBoundaryColor="FFFF0000" aliasBoundaryThickness="3">
              <jd2:subunit shape="suRoundSquare">
                <jd2:boundingBox rx="0" ry="0" w="48" h="32"/>
                <jd2:text value="S1" visible="false">
                  <jd2:position rx="18" ry="9"/>
                  <jd2:font fontName="Arial" fontSize="8" fontColor="FF000000"/>
                </jd2:text>
                <jd2:color scheme="gtHorizLinear" startColor="FFCCFFFF" endColor="FFFFFFFF"/>
                <jd2:edgeStyle color="FF969696" thickness="1" stroke="dsSolid"/>
              </jd2:subunit>
            </jd2:complex>
          </jd2:species>
          <jd2:species id="Node0" boundaryCondition="true" compartment="compartment" initialConcentration="10">
            <jd2:positionLocked value="false"/>
            <jd2:boundingBox x="174" y="8"/>
            <jd2:displayValue visible="false">
              <jd2:position rx="0" ry="0"/>
              <jd2:font fontName="Arial" fontSize="8" fontColor="FF000000"/>
            </jd2:displayValue>
            <jd2:text value="Node0" visible="true">
              <jd2:position rx="4" ry="6"/>
              <jd2:font fontName="Arial" fontSize="8" fontColor="FF000000"/>
            </jd2:text>
            <jd2:complex id="DefaultMolecule" w="45" h="24" boundarySpeciesStyle="bsBox" boundaryStyleColor="FF0000FF" captionPosition="npCenter" aliasBoundaryColor="FFFF0000" aliasBoundaryThickness="3">
              <jd2:subunit shape="suRoundSquare">
                <jd2:boundingBox rx="0" ry="0" w="45" h="24"/>
                <jd2:text value="S1" visible="false">
                  <jd2:position rx="16" ry="5"/>
                  <jd2:font fontName="Arial" fontSize="8" fontColor="FF000000"/>
                </jd2:text>
                <jd2:color scheme="gtHorizLinear" startColor="FFCCFFFF" endColor="FFFFFFFF"/>
                <jd2:edgeStyle color="FF969696" thickness="1" stroke="dsSolid"/>
              </jd2:subunit>
            </jd2:complex>
          </jd2:species>
          <jd2:species id="Node9" boundaryCondition="true" compartment="compartment" initialConcentration="0">
            <jd2:positionLocked value="false"/>
            <jd2:boundingBox x="729" y="321"/>
            <jd2:displayValue visible="false">
              <jd2:position rx="0" ry="0"/>
              <jd2:font fontName="Arial" fontSize="8" fontColor="FF000000"/>
            </jd2:displayValue>
            <jd2:text value="Node9" visible="true">
              <jd2:position rx="4" ry="6"/>
              <jd2:font fontName="Arial" fontSize="8" fontColor="FF000000"/>
            </jd2:text>
            <jd2:complex id="DefaultMolecule" w="45" h="24" boundarySpeciesStyle="bsBox" boundaryStyleColor="FF0000FF" captionPosition="npCenter" aliasBoundaryColor="FFFF0000" aliasBoundaryThickness="3">
              <jd2:subunit shape="suRoundSquare">
                <jd2:boundingBox rx="0" ry="0" w="45" h="24"/>
                <jd2:text value="S1" visible="false">
                  <jd2:position rx="16" ry="5"/>
                  <jd2:font fontName="Arial" fontSize="8" fontColor="FF000000"/>
                </jd2:text>
                <jd2:color scheme="gtHorizLinear" startColor="FFCCFFFF" endColor="FFFFFFFF"/>
                <jd2:edgeStyle color="FF969696" thickness="1" stroke="dsSolid"/>
              </jd2:subunit>
            </jd2:complex>
          </jd2:species>
        </jd2:listOfSpecies>
        <jd2:listOfReactions>
          <jd2:reaction id="J0" reversible="false">
            <jd2:listOfReactants>
              <jd2:speciesReference species="Node0" stoichiometry="1"/>
            </jd2:listOfReactants>
            <jd2:listOfProducts>
              <jd2:speciesReference species="Node1" stoichiometry="1"/>
            </jd2:listOfProducts>
            <jd2:listOfModifierEdges/>
            <jd2:kineticLaw type="builtin">
              <jd2:rateEquation value="imm"/>
              <jd2:listOfSymbols>
                <jd2:parameter id="J0_k" value="0.1"/>
              </jd2:listOfSymbols>
            </jd2:kineticLaw>
            <jd2:display arrowStyle="ar1" arrowFillColor="FF000000" lineColor="FF808000" lineThickness="2">
              <jd2:lineType type="ltLine">
                <jd2:edge>
                  <jd2:pt x="196" y="20" type="substrate" speciesRef="Node0"/>
                  <jd2:pt x="194" y="104" type="product" speciesRef="Node1"/>
                </jd2:edge>
              </jd2:lineType>
            </jd2:display>
          </jd2:reaction>
          <jd2:reaction id="J1" reversible="false">
            <jd2:listOfReactants>
              <jd2:speciesReference species="Node1" stoichiometry="1"/>
            </jd2:listOfReactants>
            <jd2:listOfProducts>
              <jd2:speciesReference species="Node2" stoichiometry="1"/>
            </jd2:listOfProducts>
            <jd2:listOfModifierEdges/>
            <jd2:kineticLaw type="builtin">
              <jd2:rateEquation value="imm"/>
              <jd2:listOfSymbols>
                <jd2:parameter id="J1_k" value="0.1"/>
              </jd2:listOfSymbols>
            </jd2:kineticLaw>
            <jd2:display arrowStyle="ar1" arrowFillColor="FF000000" lineColor="FF808000" lineThickness="2">
              <jd2:lineType type="ltLine">
                <jd2:edge>
                  <jd2:pt x="194" y="104" type="substrate" speciesRef="Node1"/>
                  <jd2:pt x="312" y="104" type="product" speciesRef="Node2"/>
                </jd2:edge>
              </jd2:lineType>
            </jd2:display>
          </jd2:reaction>
          <jd2:reaction id="J2" reversible="false">
            <jd2:listOfReactants>
              <jd2:speciesReference species="Node2" stoichiometry="1"/>
            </jd2:listOfReactants>
            <jd2:listOfProducts>
              <jd2:speciesReference species="Node3" stoichiometry="1"/>
            </jd2:listOfProducts>
            <jd2:listOfModifierEdges/>
            <jd2:kineticLaw type="builtin">
              <jd2:rateEquation value="imm"/>
              <jd2:listOfSymbols>
                <jd2:parameter id="J2_k" value="0.1"/>
              </jd2:listOfSymbols>
            </jd2:kineticLaw>
            <jd2:display arrowStyle="ar1" arrowFillColor="FF000000" lineColor="FF808000" lineThickness="2">
              <jd2:lineType type="ltLine">
                <jd2:edge>
                  <jd2:pt x="312" y="104" type="substrate" speciesRef="Node2"/>
                  <jd2:pt x="456" y="104" type="product" speciesRef="Node3"/>
                </jd2:edge>
              </jd2:lineType>
            </jd2:display>
          </jd2:reaction>
          <jd2:reaction id="J3" reversible="false">
            <jd2:listOfReactants>
              <jd2:speciesReference species="Node1" stoichiometry="1"/>
            </jd2:listOfReactants>
            <jd2:listOfProducts>
              <jd2:speciesReference species="Node4" stoichiometry="1"/>
            </jd2:listOfProducts>
            <jd2:listOfModifierEdges/>
            <jd2:kineticLaw type="builtin">
              <jd2:rateEquation value="imm"/>
              <jd2:listOfSymbols>
                <jd2:parameter id="J3_k" value="0.1"/>
              </jd2:listOfSymbols>
            </jd2:kineticLaw>
            <jd2:display arrowStyle="ar1" arrowFillColor="FF000000" lineColor="FF808000" lineThickness="2">
              <jd2:lineType type="ltLine">
                <jd2:edge>
                  <jd2:pt x="194" y="104" type="substrate" speciesRef="Node1"/>
                  <jd2:pt x="314" y="197" type="product" speciesRef="Node4"/>
                </jd2:edge>
              </jd2:lineType>
            </jd2:display>
          </jd2:reaction>
          <jd2:reaction id="J4" reversible="false">
            <jd2:listOfReactants>
              <jd2:speciesReference species="Node4" stoichiometry="1"/>
            </jd2:listOfReactants>
            <jd2:listOfProducts>
              <jd2:speciesReference species="Node3" stoichiometry="1"/>
            </jd2:listOfProducts>
            <jd2:listOfModifierEdges/>
            <jd2:kineticLaw type="builtin">
              <jd2:rateEquation value="imm"/>
              <jd2:listOfSymbols>
                <jd2:parameter id="J4_k" value="0.1"/>
              </jd2:listOfSymbols>
            </jd2:kineticLaw>
            <jd2:display arrowStyle="ar1" arrowFillColor="FF000000" lineColor="FF808000" lineThickness="2">
              <jd2:lineType type="ltLine">
                <jd2:edge>
                  <jd2:pt x="314" y="197" type="substrate" speciesRef="Node4"/>
                  <jd2:pt x="456" y="104" type="product" speciesRef="Node3"/>
                </jd2:edge>
              </jd2:lineType>
            </jd2:display>
          </jd2:reaction>
          <jd2:reaction id="J5" reversible="false">
            <jd2:listOfReactants>
              <jd2:speciesReference species="Node3" stoichiometry="1"/>
            </jd2:listOfReactants>
            <jd2:listOfProducts>
              <jd2:speciesReference species="Node5" stoichiometry="1"/>
            </jd2:listOfProducts>
            <jd2:listOfModifierEdges/>
            <jd2:kineticLaw type="builtin">
              <jd2:rateEquation value="imm"/>
              <jd2:listOfSymbols>
                <jd2:parameter id="J5_k" value="0.1"/>
              </jd2:listOfSymbols>
            </jd2:kineticLaw>
            <jd2:display arrowStyle="ar1" arrowFillColor="FF000000" lineColor="FF808000" lineThickness="2">
              <jd2:lineType type="ltLine">
                <jd2:edge>
                  <jd2:pt x="456" y="104" type="substrate" speciesRef="Node3"/>
                  <jd2:pt x="454" y="214" type="product" speciesRef="Node5"/>
                </jd2:edge>
              </jd2:lineType>
            </jd2:display>
          </jd2:reaction>
          <jd2:reaction id="J6" reversible="false">
            <jd2:listOfReactants>
              <jd2:speciesReference species="Node5" stoichiometry="1"/>
            </jd2:listOfReactants>
            <jd2:listOfProducts>
              <jd2:speciesReference species="Node6" stoichiometry="1"/>
            </jd2:listOfProducts>
            <jd2:listOfModifierEdges/>
            <jd2:kineticLaw type="builtin">
              <jd2:rateEquation value="imm"/>
              <jd2:listOfSymbols>
                <jd2:parameter id="J6_k" value="0.1"/>
              </jd2:listOfSymbols>
            </jd2:kineticLaw>
            <jd2:display arrowStyle="ar1" arrowFillColor="FF000000" lineColor="FF808000" lineThickness="2">
              <jd2:lineType type="ltLine">
                <jd2:edge>
                  <jd2:pt x="454" y="214" type="substrate" speciesRef="Node5"/>
                  <jd2:pt x="595" y="307" type="product" speciesRef="Node6"/>
                </jd2:edge>
              </jd2:lineType>
            </jd2:display>
          </jd2:reaction>
          <jd2:reaction id="J7" reversible="false">
            <jd2:listOfReactants>
              <jd2:speciesReference species="Node6" stoichiometry="1"/>
            </jd2:listOfReactants>
            <jd2:listOfProducts>
              <jd2:speciesReference species="Node7" stoichiometry="1"/>
            </jd2:listOfProducts>
            <jd2:listOfModifierEdges/>
            <jd2:kineticLaw type="builtin">
              <jd2:rateEquation value="imm"/>
              <jd2:listOfSymbols>
                <jd2:parameter id="J7_k" value="0.1"/>
              </jd2:listOfSymbols>
            </jd2:kineticLaw>
            <jd2:display arrowStyle="ar1" arrowFillColor="FF000000" lineColor="FF808000" lineThickness="2">
              <jd2:lineType type="ltLine">
                <jd2:edge>
                  <jd2:pt x="595" y="307" type="substrate" speciesRef="Node6"/>
                  <jd2:pt x="750" y="213" type="product" speciesRef="Node7"/>
                </jd2:edge>
              </jd2:lineType>
            </jd2:display>
          </jd2:reaction>
          <jd2:reaction id="J8" reversible="false">
            <jd2:listOfReactants>
              <jd2:speciesReference species="Node5" stoichiometry="1"/>
            </jd2:listOfReactants>
            <jd2:listOfProducts>
              <jd2:speciesReference species="Node8" stoichiometry="1"/>
            </jd2:listOfProducts>
            <jd2:listOfModifierEdges/>
            <jd2:kineticLaw type="builtin">
              <jd2:rateEquation value="imm"/>
              <jd2:listOfSymbols>
                <jd2:parameter id="J8_k" value="0.1"/>
              </jd2:listOfSymbols>
            </jd2:kineticLaw>
            <jd2:display arrowStyle="ar1" arrowFillColor="FF000000" lineColor="FF808000" lineThickness="2">
              <jd2:lineType type="ltLine">
                <jd2:edge>
                  <jd2:pt x="454" y="214" type="substrate" speciesRef="Node5"/>
                  <jd2:pt x="593" y="214" type="product" speciesRef="Node8"/>
                </jd2:edge>
              </jd2:lineType>
            </jd2:display>
          </jd2:reaction>
          <jd2:reaction id="J9" reversible="false">
            <jd2:listOfReactants>
              <jd2:speciesReference species="Node8" stoichiometry="1"/>
            </jd2:listOfReactants>
            <jd2:listOfProducts>
              <jd2:speciesReference species="Node7" stoichiometry="1"/>
            </jd2:listOfProducts>
            <jd2:listOfModifierEdges/>
            <jd2:kineticLaw type="builtin">
              <jd2:rateEquation value="imm"/>
              <jd2:listOfSymbols>
                <jd2:parameter id="J9_k" value="0.1"/>
              </jd2:listOfSymbols>
            </jd2:kineticLaw>
            <jd2:display arrowStyle="ar1" arrowFillColor="FF000000" lineColor="FF808000" lineThickness="2">
              <jd2:lineType type="ltLine">
                <jd2:edge>
                  <jd2:pt x="593" y="214" type="substrate" speciesRef="Node8"/>
                  <jd2:pt x="750" y="213" type="product" speciesRef="Node7"/>
                </jd2:edge>
              </jd2:lineType>
            </jd2:display>
          </jd2:reaction>
          <jd2:reaction id="J10" reversible="false">
            <jd2:listOfReactants>
              <jd2:speciesReference species="Node7" stoichiometry="1"/>
            </jd2:listOfReactants>
            <jd2:listOfProducts>
              <jd2:speciesReference species="Node9" stoichiometry="1"/>
            </jd2:listOfProducts>
            <jd2:listOfModifierEdges/>
            <jd2:kineticLaw type="builtin">
              <jd2:rateEquation value="imm"/>
              <jd2:listOfSymbols>
                <jd2:parameter id="J10_k" value="0.1"/>
              </jd2:listOfSymbols>
            </jd2:kineticLaw>
            <jd2:display arrowStyle="ar1" arrowFillColor="FF000000" lineColor="FF808000" lineThickness="2">
              <jd2:lineType type="ltLine">
                <jd2:edge>
                  <jd2:pt x="750" y="213" type="substrate" speciesRef="Node7"/>
                  <jd2:pt x="751" y="333" type="product" speciesRef="Node9"/>
                </jd2:edge>
              </jd2:lineType>
            </jd2:display>
          </jd2:reaction>
          <jd2:reaction id="J11" reversible="false">
            <jd2:listOfReactants>
              <jd2:speciesReference species="Node3" stoichiometry="1"/>
            </jd2:listOfReactants>
            <jd2:listOfProducts>
              <jd2:speciesReference species="Node10" stoichiometry="1"/>
            </jd2:listOfProducts>
            <jd2:listOfModifierEdges/>
            <jd2:kineticLaw type="builtin">
              <jd2:rateEquation value="imm"/>
              <jd2:listOfSymbols>
                <jd2:parameter id="J11_k" value="0.1"/>
              </jd2:listOfSymbols>
            </jd2:kineticLaw>
            <jd2:display arrowStyle="ar1" arrowFillColor="FF000000" lineColor="FF808000" lineThickness="2">
              <jd2:lineType type="ltLine">
                <jd2:edge>
                  <jd2:pt x="456" y="104" type="substrate" speciesRef="Node3"/>
                  <jd2:pt x="749" y="103" type="product" speciesRef="Node10"/>
                </jd2:edge>
              </jd2:lineType>
            </jd2:display>
          </jd2:reaction>
          <jd2:reaction id="J12" reversible="false">
            <jd2:listOfReactants>
              <jd2:speciesReference species="Node10" stoichiometry="1"/>
            </jd2:listOfReactants>
            <jd2:listOfProducts>
              <jd2:speciesReference species="Node7" stoichiometry="1"/>
            </jd2:listOfProducts>
            <jd2:listOfModifierEdges/>
            <jd2:kineticLaw type="builtin">
              <jd2:rateEquation value="imm"/>
              <jd2:listOfSymbols>
                <jd2:parameter id="J12_k" value="0.1"/>
              </jd2:listOfSymbols>
            </jd2:kineticLaw>
            <jd2:display arrowStyle="ar1" arrowFillColor="FF000000" lineColor="FF808000" lineThickness="2">
              <jd2:lineType type="ltLine">
                <jd2:edge>
                  <jd2:pt x="749" y="103" type="substrate" speciesRef="Node10"/>
                  <jd2:pt x="750" y="213" type="product" speciesRef="Node7"/>
                </jd2:edge>
              </jd2:lineType>
            </jd2:display>
          </jd2:reaction>
        </jd2:listOfReactions>
      </jd2:JDesignerLayout>
    </annotation>
    <listOfUnitDefinitions>
      <unitDefinition id="volume">
        <listOfUnits>
          <unit kind="litre" exponent="1" scale="0" multiplier="1"/>
        </listOfUnits>
      </unitDefinition>
      <unitDefinition id="substance">
        <listOfUnits>
          <unit kind="mole" exponent="1" scale="0" multiplier="1"/>
        </listOfUnits>
      </unitDefinition>
      <unitDefinition id="time">
        <listOfUnits>
          <unit kind="second" exponent="1" scale="0" multiplier="1"/>
        </listOfUnits>
      </unitDefinition>
    </listOfUnitDefinitions>
    <listOfCompartments>
      <compartment id="compartment" spatialDimensions="3" size="1" units="volume" constant="true"/>
    </listOfCompartments>
    <listOfSpecies>
      <species id="Node1" compartment="compartment" initialConcentration="0" substanceUnits="substance" hasOnlySubstanceUnits="false" boundaryCondition="false" constant="false"/>
      <species id="Node2" compartment="compartment" initialConcentration="0" substanceUnits="substance" hasOnlySubstanceUnits="false" boundaryCondition="false" constant="false"/>
      <species id="Node3" compartment="compartment" initialConcentration="0" substanceUnits="substance" hasOnlySubstanceUnits="false" boundaryCondition="false" constant="false"/>
      <species id="Node4" compartment="compartment" initialConcentration="0" substanceUnits="substance" hasOnlySubstanceUnits="false" boundaryCondition="false" constant="false"/>
      <species id="Node5" compartment="compartment" initialConcentration="0" substanceUnits="substance" hasOnlySubstanceUnits="false" boundaryCondition="false" constant="false"/>
      <species id="Node6" compartment="compartment" initialConcentration="0" substanceUnits="substance" hasOnlySubstanceUnits="false" boundaryCondition="false" constant="false"/>
      <species id="Node7" compartment="compartment" initialConcentration="0" substanceUnits="substance" hasOnlySubstanceUnits="false" boundaryCondition="false" constant="false"/>
      <species id="Node8" compartment="compartment" initialConcentration="0" substanceUnits="substance" hasOnlySubstanceUnits="false" boundaryCondition="false" constant="false"/>
      <species id="Node10" compartment="compartment" initialConcentration="0" substanceUnits="substance" hasOnlySubstanceUnits="false" boundaryCondition="false" constant="false"/>
      <species id="Node0" compartment="compartment" initialConcentration="10" substanceUnits="substance" hasOnlySubstanceUnits="false" boundaryCondition="true" constant="false"/>
      <species id="Node9" compartment="compartment" initialConcentration="0" substanceUnits="substance" hasOnlySubstanceUnits="false" boundaryCondition="true" constant="false"/>
    </listOfSpecies>
    <listOfParameters>
      <parameter id="J0_J0_k" value="0.1" constant="true"/>
      <parameter id="J1_J1_k" value="0.1" constant="true"/>
      <parameter id="J2_J2_k" value="0.1" constant="true"/>
      <parameter id="J3_J3_k" value="0.1" constant="true"/>
      <parameter id="J4_J4_k" value="0.1" constant="true"/>
      <parameter id="J5_J5_k" value="0.1" constant="true"/>
      <parameter id="J6_J6_k" value="0.1" constant="true"/>
      <parameter id="J7_J7_k" value="0.1" constant="true"/>
      <parameter id="J8_J8_k" value="0.1" constant="true"/>
      <parameter id="J9_J9_k" value="0.1" constant="true"/>
      <parameter id="J10_J10_k" value="0.1" constant="true"/>
      <parameter id="J0_k" value="0.1" constant="true"/>
      <parameter id="J1_k" value="0.1" constant="true"/>
      <parameter id="J2_k" value="0.1" constant="true"/>
      <parameter id="J3_k" value="0.1" constant="true"/>
      <parameter id="J4_k" value="0.1" constant="true"/>
      <parameter id="J5_k" value="0.1" constant="true"/>
      <parameter id="J6_k" value="0.1" constant="true"/>
      <parameter id="J7_k" value="0.1" constant="true"/>
      <parameter id="J8_k" value="0.1" constant="true"/>
      <parameter id="J9_k" value="0.1" constant="true"/>
      <parameter id="J10_k" value="0.1" constant="true"/>
      <parameter id="J11_k" value="0.1" constant="true"/>
      <parameter id="J12_k" value="0.1" constant="true"/>
    </listOfParameters>
    <listOfReactions>
      <reaction id="J0" reversible="false" fast="false">
        <listOfReactants>
          <speciesReference species="Node0" stoichiometry="1" constant="true"/>
        </listOfReactants>
        <listOfProducts>
          <speciesReference species="Node1" stoichiometry="1" constant="true"/>
        </listOfProducts>
        <kineticLaw>
          <math xmlns="http://www.w3.org/1998/Math/MathML">
            <apply>
              <times/>
              <ci> J0_J0_k </ci>
              <ci> Node0 </ci>
            </apply>
          </math>
        </kineticLaw>
      </reaction>
      <reaction id="J1" reversible="false" fast="false">
        <listOfReactants>
          <speciesReference species="Node1" stoichiometry="1" constant="true"/>
        </listOfReactants>
        <listOfProducts>
          <speciesReference species="Node2" stoichiometry="1" constant="true"/>
        </listOfProducts>
        <kineticLaw>
          <math xmlns="http://www.w3.org/1998/Math/MathML">
            <apply>
              <times/>
              <ci> J1_J1_k </ci>
              <ci> Node1 </ci>
            </apply>
          </math>
        </kineticLaw>
      </reaction>
      <reaction id="J2" reversible="false" fast="false">
        <listOfReactants>
          <speciesReference species="Node2" stoichiometry="1" constant="true"/>
        </listOfReactants>
        <listOfProducts>
          <speciesReference species="Node3" stoichiometry="1" constant="true"/>
        </listOfProducts>
        <kineticLaw>
          <math xmlns="http://www.w3.org/1998/Math/MathML">
            <apply>
              <times/>
              <ci> J2_J2_k </ci>
              <ci> Node2 </ci>
            </apply>
          </math>
        </kineticLaw>
      </reaction>
      <reaction id="J3" reversible="false" fast="false">
        <listOfReactants>
          <speciesReference species="Node1" stoichiometry="1" constant="true"/>
        </listOfReactants>
        <listOfProducts>
          <speciesReference species="Node4" stoichiometry="1" constant="true"/>
        </listOfProducts>
        <kineticLaw>
          <math xmlns="http://www.w3.org/1998/Math/MathML">
            <apply>
              <times/>
              <ci> J3_J3_k </ci>
              <ci> Node1 </ci>
            </apply>
          </math>
        </kineticLaw>
      </reaction>
      <reaction id="J4" reversible="false" fast="false">
        <listOfReactants>
          <speciesReference species="Node4" stoichiometry="1" constant="true"/>
        </listOfReactants>
        <listOfProducts>
          <speciesReference species="Node3" stoichiometry="1" constant="true"/>
        </listOfProducts>
        <kineticLaw>
          <math xmlns="http://www.w3.org/1998/Math/MathML">
            <apply>
              <times/>
              <ci> J4_J4_k </ci>
              <ci> Node4 </ci>
            </apply>
          </math>
        </kineticLaw>
      </reaction>
      <reaction id="J5" reversible="false" fast="false">
        <listOfReactants>
          <speciesReference species="Node3" stoichiometry="1" constant="true"/>
        </listOfReactants>
        <listOfProducts>
          <speciesReference species="Node5" stoichiometry="1" constant="true"/>
        </listOfProducts>
        <kineticLaw>
          <math xmlns="http://www.w3.org/1998/Math/MathML">
            <apply>
              <times/>
              <ci> J5_J5_k </ci>
              <ci> Node3 </ci>
            </apply>
          </math>
        </kineticLaw>
      </reaction>
      <reaction id="J6" reversible="false" fast="false">
        <listOfReactants>
          <speciesReference species="Node5" stoichiometry="1" constant="true"/>
        </listOfReactants>
        <listOfProducts>
          <speciesReference species="Node6" stoichiometry="1" constant="true"/>
        </listOfProducts>
        <kineticLaw>
          <math xmlns="http://www.w3.org/1998/Math/MathML">
            <apply>
              <times/>
              <ci> J6_J6_k </ci>
              <ci> Node5 </ci>
            </apply>
          </math>
        </kineticLaw>
      </reaction>
      <reaction id="J7" reversible="false" fast="false">
        <listOfReactants>
          <speciesReference species="Node6" stoichiometry="1" constant="true"/>
        </listOfReactants>
        <listOfProducts>
          <speciesReference species="Node7" stoichiometry="1" constant="true"/>
        </listOfProducts>
        <kineticLaw>
          <math xmlns="http://www.w3.org/1998/Math/MathML">
            <apply>
              <times/>
              <ci> J7_J7_k </ci>
              <ci> Node6 </ci>
            </apply>
          </math>
        </kineticLaw>
      </reaction>
      <reaction id="J8" reversible="false" fast="false">
        <listOfReactants>
          <speciesReference species="Node5" stoichiometry="1" constant="true"/>
        </listOfReactants>
        <listOfProducts>
          <speciesReference species="Node8" stoichiometry="1" constant="true"/>
        </listOfProducts>
        <kineticLaw>
          <math xmlns="http://www.w3.org/1998/Math/MathML">
            <apply>
              <times/>
              <ci> J8_J8_k </ci>
              <ci> Node5 </ci>
            </apply>
          </math>
        </kineticLaw>
      </reaction>
      <reaction id="J9" reversible="false" fast="false">
        <listOfReactants>
          <speciesReference species="Node8" stoichiometry="1" constant="true"/>
        </listOfReactants>
        <listOfProducts>
          <speciesReference species="Node7" stoichiometry="1" constant="true"/>
        </listOfProducts>
        <kineticLaw>
          <math xmlns="http://www.w3.org/1998/Math/MathML">
            <apply>
              <times/>
              <ci> J9_J9_k </ci>
              <ci> Node8 </ci>
            </apply>
          </math>
        </kineticLaw>
      </reaction>
      <reaction id="J10" reversible="false" fast="false">
        <listOfReactants>
          <speciesReference species="Node7" stoichiometry="1" constant="true"/>
        </listOfReactants>
        <listOfProducts>
          <speciesReference species="Node9" stoichiometry="1" constant="true"/>
        </listOfProducts>
        <kineticLaw>
          <math xmlns="http://www.w3.org/1998/Math/MathML">
            <apply>
              <times/>
              <ci> J10_J10_k </ci>
              <ci> Node7 </ci>
            </apply>
          </math>
        </kineticLaw>
      </reaction>
      <reaction id="J11" reversible="false" fast="false">
        <listOfReactants>
          <speciesReference species="Node3" stoichiometry="1" constant="true"/>
        </listOfReactants>
        <listOfProducts>
          <speciesReference species="Node10" stoichiometry="1" constant="true"/>
        </listOfProducts>
        <kineticLaw>
          <math xmlns="http://www.w3.org/1998/Math/MathML">
            <apply>
              <times/>
              <ci> J11_k </ci>
              <ci> Node3 </ci>
            </apply>
          </math>
        </kineticLaw>
      </reaction>
      <reaction id="J12" reversible="false" fast="false">
        <listOfReactants>
          <speciesReference species="Node10" stoichiometry="1" constant="true"/>
        </listOfReactants>
        <listOfProducts>
          <speciesReference species="Node7" stoichiometry="1" constant="true"/>
        </listOfProducts>
        <kineticLaw>
          <math xmlns="http://www.w3.org/1998/Math/MathML">
            <apply>
              <times/>
              <ci> J12_k </ci>
              <ci> Node10 </ci>
            </apply>
          </math>
        </kineticLaw>
      </reaction>
    </listOfReactions>
    <fbc:listOfFluxBounds>
      <fbc:fluxBound fbc:reaction="J0" fbc:operation="equal" fbc:value="10"/>
      <fbc:fluxBound fbc:reaction="J12" fbc:operation="greaterEqual" fbc:value="1"/>
      <fbc:fluxBound fbc:reaction="J5" fbc:operation="lessEqual" fbc:value="4"/>
      <fbc:fluxBound fbc:reaction="J8" fbc:operation="greaterEqual" fbc:value="1"/>
      <fbc:fluxBound fbc:reaction="J3" fbc:operation="greaterEqual" fbc:value="1"/>
    </fbc:listOfFluxBounds>
    <fbc:listOfObjectives fbc:activeObjective="OBJF">
      <fbc:objective fbc:id="OBJF" fbc:type="maximize">
        <fbc:listOfFluxObjectives>
          <fbc:fluxObjective fbc:reaction="J10" fbc:coefficient="1"/>
        </fbc:listOfFluxObjectives>
      </fbc:objective>
    </fbc:listOfObjectives>
  </model>
</sbml>
